This is pdfTeX, Version 3.14159265-2.6-1.40.19 (TeX Live 2018) (preloaded format=pdflatex 2019.3.7)  5 APR 2019 17:39
entering extended mode
 restricted \write18 enabled.
 file:line:error style messages enabled.
 %&-line parsing enabled.
**short18_seabreeze_verification.tex
(./short18_seabreeze_verification.tex
LaTeX2e <2018-04-01> patch level 2
Babel <3.18> and hyphenation patterns for 84 language(s) loaded.
(./ametsoc.cls
\c@section=\count80
\c@subsection=\count81
\c@subsubsection=\count82
\c@paragraph=\count83
\c@subparagraph=\count84
\c@figure=\count85
\c@table=\count86
\abovecaptionskip=\skip41
\belowcaptionskip=\skip42
\bibindent=\dimen102

(/usr/local/texlive/2018/texmf-dist/tex/latex/graphics/graphicx.sty
Package: graphicx 2017/06/01 v1.1a Enhanced LaTeX Graphics (DPC,SPQR)

(/usr/local/texlive/2018/texmf-dist/tex/latex/graphics/keyval.sty
Package: keyval 2014/10/28 v1.15 key=value parser (DPC)
\KV@toks@=\toks14
)
(/usr/local/texlive/2018/texmf-dist/tex/latex/graphics/graphics.sty
Package: graphics 2017/06/25 v1.2c Standard LaTeX Graphics (DPC,SPQR)

(/usr/local/texlive/2018/texmf-dist/tex/latex/graphics/trig.sty
Package: trig 2016/01/03 v1.10 sin cos tan (DPC)
)
(/usr/local/texlive/2018/texmf-dist/tex/latex/graphics-cfg/graphics.cfg
File: graphics.cfg 2016/06/04 v1.11 sample graphics configuration
)
Package graphics Info: Driver file: pdftex.def on input line 99.

(/usr/local/texlive/2018/texmf-dist/tex/latex/graphics-def/pdftex.def
File: pdftex.def 2018/01/08 v1.0l Graphics/color driver for pdftex
))
\Gin@req@height=\dimen103
\Gin@req@width=\dimen104
)
(/usr/local/texlive/2018/texmf-dist/tex/latex/amsmath/amsmath.sty
Package: amsmath 2017/09/02 v2.17a AMS math features
\@mathmargin=\skip43

For additional information on amsmath, use the `?' option.
(/usr/local/texlive/2018/texmf-dist/tex/latex/amsmath/amstext.sty
Package: amstext 2000/06/29 v2.01 AMS text

(/usr/local/texlive/2018/texmf-dist/tex/latex/amsmath/amsgen.sty
File: amsgen.sty 1999/11/30 v2.0 generic functions
\@emptytoks=\toks15
\ex@=\dimen105
))
(/usr/local/texlive/2018/texmf-dist/tex/latex/amsmath/amsbsy.sty
Package: amsbsy 1999/11/29 v1.2d Bold Symbols
\pmbraise@=\dimen106
)
(/usr/local/texlive/2018/texmf-dist/tex/latex/amsmath/amsopn.sty
Package: amsopn 2016/03/08 v2.02 operator names
)
\inf@bad=\count87
LaTeX Info: Redefining \frac on input line 213.
\uproot@=\count88
\leftroot@=\count89
LaTeX Info: Redefining \overline on input line 375.
\classnum@=\count90
\DOTSCASE@=\count91
LaTeX Info: Redefining \ldots on input line 472.
LaTeX Info: Redefining \dots on input line 475.
LaTeX Info: Redefining \cdots on input line 596.
\Mathstrutbox@=\box26
\strutbox@=\box27
\big@size=\dimen107
LaTeX Font Info:    Redeclaring font encoding OML on input line 712.
LaTeX Font Info:    Redeclaring font encoding OMS on input line 713.
\macc@depth=\count92
\c@MaxMatrixCols=\count93
\dotsspace@=\muskip10
\c@parentequation=\count94
\dspbrk@lvl=\count95
\tag@help=\toks16
\row@=\count96
\column@=\count97
\maxfields@=\count98
\andhelp@=\toks17
\eqnshift@=\dimen108
\alignsep@=\dimen109
\tagshift@=\dimen110
\tagwidth@=\dimen111
\totwidth@=\dimen112
\lineht@=\dimen113
\@envbody=\toks18
\multlinegap=\skip44
\multlinetaggap=\skip45
\mathdisplay@stack=\toks19
LaTeX Info: Redefining \[ on input line 2817.
LaTeX Info: Redefining \] on input line 2818.
)
(/usr/local/texlive/2018/texmf-dist/tex/latex/amsfonts/amsfonts.sty
Package: amsfonts 2013/01/14 v3.01 Basic AMSFonts support
\symAMSa=\mathgroup4
\symAMSb=\mathgroup5
LaTeX Font Info:    Overwriting math alphabet `\mathfrak' in version `bold'
(Font)                  U/euf/m/n --> U/euf/b/n on input line 106.
)
(/usr/local/texlive/2018/texmf-dist/tex/latex/amsfonts/amssymb.sty
Package: amssymb 2013/01/14 v3.01 AMS font symbols
)
(/usr/local/texlive/2018/texmf-dist/tex/latex/tools/bm.sty
Package: bm 2017/01/16 v1.2c Bold Symbol Support (DPC/FMi)
\symboldoperators=\mathgroup6
\symboldletters=\mathgroup7
\symboldsymbols=\mathgroup8
LaTeX Font Info:    Redeclaring math alphabet \mathbf on input line 141.
LaTeX Info: Redefining \bm on input line 207.
)
(/usr/local/texlive/2018/texmf-dist/tex/latex/psnfss/helvet.sty
Package: helvet 2005/04/12 PSNFSS-v9.2a (WaS) 
)
(/usr/local/texlive/2018/texmf-dist/tex/latex/psnfss/mathptmx.sty
Package: mathptmx 2005/04/12 PSNFSS-v9.2a Times w/ Math, improved (SPQR, WaS) 
LaTeX Font Info:    Redeclaring symbol font `operators' on input line 28.
LaTeX Font Info:    Overwriting symbol font `operators' in version `normal'
(Font)                  OT1/cmr/m/n --> OT1/ztmcm/m/n on input line 28.
LaTeX Font Info:    Overwriting symbol font `operators' in version `bold'
(Font)                  OT1/cmr/bx/n --> OT1/ztmcm/m/n on input line 28.
LaTeX Font Info:    Redeclaring symbol font `letters' on input line 29.
LaTeX Font Info:    Overwriting symbol font `letters' in version `normal'
(Font)                  OML/cmm/m/it --> OML/ztmcm/m/it on input line 29.
LaTeX Font Info:    Overwriting symbol font `letters' in version `bold'
(Font)                  OML/cmm/b/it --> OML/ztmcm/m/it on input line 29.
LaTeX Font Info:    Redeclaring symbol font `symbols' on input line 30.
LaTeX Font Info:    Overwriting symbol font `symbols' in version `normal'
(Font)                  OMS/cmsy/m/n --> OMS/ztmcm/m/n on input line 30.
LaTeX Font Info:    Overwriting symbol font `symbols' in version `bold'
(Font)                  OMS/cmsy/b/n --> OMS/ztmcm/m/n on input line 30.
LaTeX Font Info:    Redeclaring symbol font `largesymbols' on input line 31.
LaTeX Font Info:    Overwriting symbol font `largesymbols' in version `normal'
(Font)                  OMX/cmex/m/n --> OMX/ztmcm/m/n on input line 31.
LaTeX Font Info:    Overwriting symbol font `largesymbols' in version `bold'
(Font)                  OMX/cmex/m/n --> OMX/ztmcm/m/n on input line 31.
\symbold=\mathgroup9
\symitalic=\mathgroup10
LaTeX Font Info:    Redeclaring math alphabet \mathbf on input line 34.
LaTeX Font Info:    Redeclaring math alphabet \mathit on input line 35.
LaTeX Font Info:    Overwriting math alphabet `\mathit' in version `normal'
(Font)                  OT1/cmr/m/it --> OT1/ptm/m/it on input line 35.
LaTeX Font Info:    Overwriting math alphabet `\mathit' in version `bold'
(Font)                  OT1/cmr/bx/it --> OT1/ptm/m/it on input line 35.
LaTeX Info: Redefining \hbar on input line 50.
)
(/usr/local/texlive/2018/texmf-dist/tex/latex/natbib/natbib.sty
Package: natbib 2010/09/13 8.31b (PWD, AO)
\bibhang=\skip46
\bibsep=\skip47
LaTeX Info: Redefining \cite on input line 694.
\c@NAT@ctr=\count99
)
(/usr/local/texlive/2018/texmf-dist/tex/latex/url/url.sty
\Urlmuskip=\muskip11
Package: url 2013/09/16  ver 3.4  Verb mode for urls, etc.
)
(/usr/local/texlive/2018/texmf-dist/tex/latex/xcolor/xcolor.sty
Package: xcolor 2016/05/11 v2.12 LaTeX color extensions (UK)

(/usr/local/texlive/2018/texmf-dist/tex/latex/graphics-cfg/color.cfg
File: color.cfg 2016/01/02 v1.6 sample color configuration
)
Package xcolor Info: Driver file: pdftex.def on input line 225.
Package xcolor Info: Model `cmy' substituted by `cmy0' on input line 1348.
Package xcolor Info: Model `hsb' substituted by `rgb' on input line 1352.
Package xcolor Info: Model `RGB' extended on input line 1364.
Package xcolor Info: Model `HTML' substituted by `rgb' on input line 1366.
Package xcolor Info: Model `Hsb' substituted by `hsb' on input line 1367.
Package xcolor Info: Model `tHsb' substituted by `hsb' on input line 1368.
Package xcolor Info: Model `HSB' substituted by `hsb' on input line 1369.
Package xcolor Info: Model `Gray' substituted by `gray' on input line 1370.
Package xcolor Info: Model `wave' substituted by `hsb' on input line 1371.
)
(/usr/local/texlive/2018/texmf-dist/tex/latex/tools/indentfirst.sty
Package: indentfirst 1995/11/23 v1.03 Indent first paragraph (DPC)
)
(/usr/local/texlive/2018/texmf-dist/tex/latex/tools/multicol.sty
Package: multicol 2018/04/01 v1.8r multicolumn formatting (FMi)
\c@tracingmulticols=\count100
\mult@box=\box28
\multicol@leftmargin=\dimen114
\c@unbalance=\count101
\c@collectmore=\count102
\doublecol@number=\count103
\multicoltolerance=\count104
\multicolpretolerance=\count105
\full@width=\dimen115
\page@free=\dimen116
\premulticols=\dimen117
\postmulticols=\dimen118
\multicolsep=\skip48
\multicolbaselineskip=\skip49
\partial@page=\box29
\last@line=\box30
\maxbalancingoverflow=\dimen119
\mult@rightbox=\box31
\mult@grightbox=\box32
\mult@gfirstbox=\box33
\mult@firstbox=\box34
\@tempa=\box35
\@tempa=\box36
\@tempa=\box37
\@tempa=\box38
\@tempa=\box39
\@tempa=\box40
\@tempa=\box41
\@tempa=\box42
\@tempa=\box43
\@tempa=\box44
\@tempa=\box45
\@tempa=\box46
\@tempa=\box47
\@tempa=\box48
\@tempa=\box49
\@tempa=\box50
\@tempa=\box51
\c@columnbadness=\count106
\c@finalcolumnbadness=\count107
\last@try=\dimen120
\multicolovershoot=\dimen121
\multicolundershoot=\dimen122
\mult@nat@firstbox=\box52
\colbreak@box=\box53
\mc@col@check@num=\count108
)
(/usr/local/texlive/2018/texmf-dist/tex/latex/base/ifthen.sty
Package: ifthen 2014/09/29 v1.1c Standard LaTeX ifthen package (DPC)
)
(/usr/local/texlive/2018/texmf-dist/tex/latex/graphics/rotating.sty
Package: rotating 2016/08/11 v2.16d rotated objects in LaTeX
\c@r@tfl@t=\count109
\rotFPtop=\skip50
\rotFPbot=\skip51
\rot@float@box=\box54
\rot@mess@toks=\toks20
)
\c@extraauth=\count110
\c@loopnum=\count111
\thanksnum=\count112
\savethanksnum=\count113
)
(/usr/local/texlive/2018/texmf-dist/tex/latex/comment/comment.sty
\CommentStream=\write3

Excluding comment 'comment') (./short18_seabreeze_verification.aux

LaTeX Warning: Label `Eq:u_h' multiply defined.


LaTeX Warning: Label `Eq:v_h' multiply defined.

)
\openout1 = `short18_seabreeze_verification.aux'.

LaTeX Font Info:    Checking defaults for OML/cmm/m/it on input line 123.
LaTeX Font Info:    ... okay on input line 123.
LaTeX Font Info:    Checking defaults for T1/cmr/m/n on input line 123.
LaTeX Font Info:    ... okay on input line 123.
LaTeX Font Info:    Checking defaults for OT1/cmr/m/n on input line 123.
LaTeX Font Info:    ... okay on input line 123.
LaTeX Font Info:    Checking defaults for OMS/cmsy/m/n on input line 123.
LaTeX Font Info:    ... okay on input line 123.
LaTeX Font Info:    Checking defaults for OMX/cmex/m/n on input line 123.
LaTeX Font Info:    ... okay on input line 123.
LaTeX Font Info:    Checking defaults for U/cmr/m/n on input line 123.
LaTeX Font Info:    ... okay on input line 123.
LaTeX Font Info:    Try loading font information for OT1+ptm on input line 123.

 (/usr/local/texlive/2018/texmf-dist/tex/latex/psnfss/ot1ptm.fd
File: ot1ptm.fd 2001/06/04 font definitions for OT1/ptm.
)
(/usr/local/texlive/2018/texmf-dist/tex/context/base/mkii/supp-pdf.mkii
[Loading MPS to PDF converter (version 2006.09.02).]
\scratchcounter=\count114
\scratchdimen=\dimen123
\scratchbox=\box55
\nofMPsegments=\count115
\nofMParguments=\count116
\everyMPshowfont=\toks21
\MPscratchCnt=\count117
\MPscratchDim=\dimen124
\MPnumerator=\count118
\makeMPintoPDFobject=\count119
\everyMPtoPDFconversion=\toks22
) (/usr/local/texlive/2018/texmf-dist/tex/latex/oberdiek/epstopdf-base.sty
Package: epstopdf-base 2016/05/15 v2.6 Base part for package epstopdf

(/usr/local/texlive/2018/texmf-dist/tex/generic/oberdiek/infwarerr.sty
Package: infwarerr 2016/05/16 v1.4 Providing info/warning/error messages (HO)
)
(/usr/local/texlive/2018/texmf-dist/tex/latex/oberdiek/grfext.sty
Package: grfext 2016/05/16 v1.2 Manage graphics extensions (HO)

(/usr/local/texlive/2018/texmf-dist/tex/generic/oberdiek/kvdefinekeys.sty
Package: kvdefinekeys 2016/05/16 v1.4 Define keys (HO)

(/usr/local/texlive/2018/texmf-dist/tex/generic/oberdiek/ltxcmds.sty
Package: ltxcmds 2016/05/16 v1.23 LaTeX kernel commands for general use (HO)
)))
(/usr/local/texlive/2018/texmf-dist/tex/latex/oberdiek/kvoptions.sty
Package: kvoptions 2016/05/16 v3.12 Key value format for package options (HO)

(/usr/local/texlive/2018/texmf-dist/tex/generic/oberdiek/kvsetkeys.sty
Package: kvsetkeys 2016/05/16 v1.17 Key value parser (HO)

(/usr/local/texlive/2018/texmf-dist/tex/generic/oberdiek/etexcmds.sty
Package: etexcmds 2016/05/16 v1.6 Avoid name clashes with e-TeX commands (HO)

(/usr/local/texlive/2018/texmf-dist/tex/generic/oberdiek/ifluatex.sty
Package: ifluatex 2016/05/16 v1.4 Provides the ifluatex switch (HO)
Package ifluatex Info: LuaTeX not detected.
)
Package etexcmds Info: Could not find \expanded.
(etexcmds)             That can mean that you are not using pdfTeX 1.50 or
(etexcmds)             that some package has redefined \expanded.
(etexcmds)             In the latter case, load this package earlier.
)))
(/usr/local/texlive/2018/texmf-dist/tex/generic/oberdiek/pdftexcmds.sty
Package: pdftexcmds 2018/01/30 v0.27 Utility functions of pdfTeX for LuaTeX (HO
)

(/usr/local/texlive/2018/texmf-dist/tex/generic/oberdiek/ifpdf.sty
Package: ifpdf 2017/03/15 v3.2 Provides the ifpdf switch
)
Package pdftexcmds Info: LuaTeX not detected.
Package pdftexcmds Info: \pdf@primitive is available.
Package pdftexcmds Info: \pdf@ifprimitive is available.
Package pdftexcmds Info: \pdfdraftmode found.
)
Package epstopdf-base Info: Redefining graphics rule for `.eps' on input line 4
38.
Package grfext Info: Graphics extension search list:
(grfext)             [.pdf,.png,.jpg,.mps,.jpeg,.jbig2,.jb2,.PDF,.PNG,.JPG,.JPE
G,.JBIG2,.JB2,.eps]
(grfext)             \AppendGraphicsExtensions on input line 456.

(/usr/local/texlive/2018/texmf-dist/tex/latex/latexconfig/epstopdf-sys.cfg
File: epstopdf-sys.cfg 2010/07/13 v1.3 Configuration of (r)epstopdf for TeX Liv
e
))
LaTeX Font Info:    Font shape `OT1/ptm/bx/n' in size <12> not available
(Font)              Font shape `OT1/ptm/b/n' tried instead on input line 125.
LaTeX Font Info:    Calculating math sizes for size <9.85> on input line 125.
LaTeX Font Info:    Try loading font information for OT1+ztmcm on input line 12
5.

(/usr/local/texlive/2018/texmf-dist/tex/latex/psnfss/ot1ztmcm.fd
File: ot1ztmcm.fd 2000/01/03 Fontinst v1.801 font definitions for OT1/ztmcm.
)
LaTeX Font Info:    Try loading font information for OML+ztmcm on input line 12
5.

(/usr/local/texlive/2018/texmf-dist/tex/latex/psnfss/omlztmcm.fd
File: omlztmcm.fd 2000/01/03 Fontinst v1.801 font definitions for OML/ztmcm.
)
LaTeX Font Info:    Try loading font information for OMS+ztmcm on input line 12
5.

(/usr/local/texlive/2018/texmf-dist/tex/latex/psnfss/omsztmcm.fd
File: omsztmcm.fd 2000/01/03 Fontinst v1.801 font definitions for OMS/ztmcm.
)
LaTeX Font Info:    Try loading font information for OMX+ztmcm on input line 12
5.

(/usr/local/texlive/2018/texmf-dist/tex/latex/psnfss/omxztmcm.fd
File: omxztmcm.fd 2000/01/03 Fontinst v1.801 font definitions for OMX/ztmcm.
)
LaTeX Font Info:    Font shape `OT1/ptm/bx/n' in size <9.85> not available
(Font)              Font shape `OT1/ptm/b/n' tried instead on input line 125.
LaTeX Font Info:    Font shape `OT1/ptm/bx/n' in size <7.28905> not available
(Font)              Font shape `OT1/ptm/b/n' tried instead on input line 125.
LaTeX Font Info:    Font shape `OT1/ptm/bx/n' in size <5.91005> not available
(Font)              Font shape `OT1/ptm/b/n' tried instead on input line 125.
LaTeX Font Info:    Try loading font information for OMS+ptm on input line 125.


(/usr/local/texlive/2018/texmf-dist/tex/latex/psnfss/omsptm.fd
File: omsptm.fd 
)
LaTeX Font Info:    Font shape `OMS/ptm/m/n' in size <7.28905> not available
(Font)              Font shape `OMS/cmsy/m/n' tried instead on input line 125.
LaTeX Font Info:    Font shape `OT1/ptm/bx/n' in size <8> not available
(Font)              Font shape `OT1/ptm/b/n' tried instead on input line 125.
LaTeX Font Info:    Font shape `OT1/ptm/bx/n' in size <6> not available
(Font)              Font shape `OT1/ptm/b/n' tried instead on input line 125.
LaTeX Font Info:    Font shape `OT1/ptm/bx/n' in size <5> not available
(Font)              Font shape `OT1/ptm/b/n' tried instead on input line 125.
LaTeX Font Info:    Font shape `OMS/ptm/m/n' in size <6> not available
(Font)              Font shape `OMS/cmsy/m/n' tried instead on input line 125.

Overfull \vbox (20.2106pt too high) has occurred while \output is active []


Underfull \vbox (badness 10000) has occurred while \output is active []

LaTeX Font Info:    Font shape `OT1/ptm/bx/n' in size <9> not available
(Font)              Font shape `OT1/ptm/b/n' tried instead on input line 133.
LaTeX Font Info:    Font shape `OT1/ptm/bx/n' in size <7> not available
(Font)              Font shape `OT1/ptm/b/n' tried instead on input line 133.
 [1{/usr/local/texlive/2018/texmf-var/fonts/map/pdftex/updmap/pdftex.map}


] [2]
Underfull \hbox (badness 3849) in paragraph at lines 169--170
[]\OT1/ptm/m/n/9.85 Both AC-CESS and ECMWF use parametri-sa-tion
 []

<map.pdf, id=16, 404.02913pt x 278.83702pt>
File: map.pdf Graphic file (type pdf)
<use map.pdf>
Package pdftex.def Info: map.pdf  used on input line 173.
(pdftex.def)             Requested size: 468.0pt x 323.0044pt.

Overfull \hbox (240.0pt too wide) in paragraph at lines 173--174
 [][] 
 []

[3 <./map.pdf>] [4] [5]
<wpi_coastal.pdf, id=683, 404.02913pt x 261.76537pt>
File: wpi_coastal.pdf Graphic file (type pdf)
<use wpi_coastal.pdf>
Package pdftex.def Info: wpi_coastal.pdf  used on input line 233.
(pdftex.def)             Requested size: 468.0pt x 303.22862pt.

Overfull \hbox (240.0pt too wide) in paragraph at lines 233--234
 [][] 
 []

<case_studies.pdf, id=684, 404.02913pt x 204.85983pt>
File: case_studies.pdf Graphic file (type pdf)
<use case_studies.pdf>
Package pdftex.def Info: case_studies.pdf  used on input line 242.
(pdftex.def)             Requested size: 468.0pt x 237.30934pt.

Overfull \hbox (240.0pt too wide) in paragraph at lines 242--243
 [][] 
 []

[6 <./wpi_coastal.pdf>]
<perth_sounding.pdf, id=734, 335.74252pt x 182.09764pt>
File: perth_sounding.pdf Graphic file (type pdf)
<use perth_sounding.pdf>
Package pdftex.def Info: perth_sounding.pdf  used on input line 255.
(pdftex.def)             Requested size: 396.0pt x 214.79277pt.

Overfull \hbox (168.0pt too wide) in paragraph at lines 255--256
 [][] 
 []

<airport_wpi.pdf, id=735, 404.02913pt x 193.47874pt>
File: airport_wpi.pdf Graphic file (type pdf)
<use airport_wpi.pdf>
Package pdftex.def Info: airport_wpi.pdf  used on input line 264.
(pdftex.def)             Requested size: 468.0pt x 224.12549pt.

Overfull \hbox (240.0pt too wide) in paragraph at lines 264--265
 [][] 
 []

[7 <./case_studies.pdf> <./perth_sounding.pdf

pdfTeX warning: /Library/TeX/texbin/pdflatex (file ./perth_sounding.pdf): PDF i
nclusion: multiple pdfs with page group included in a single page
>]
Underfull \hbox (badness 2027) in paragraph at lines 271--272
\OT1/ptm/m/n/9.85 port sta-tion at 01:00 UTC ex-hibit $[][] \OML/ztmcm/m/it/9.8
5 > \OT1/ztmcm/m/n/9.85 0$ \OT1/ptm/m/n/9.85 with
 []

<airport_wpi_EA.pdf, id=781, 404.02913pt x 193.47874pt>
File: airport_wpi_EA.pdf Graphic file (type pdf)
<use airport_wpi_EA.pdf>
Package pdftex.def Info: airport_wpi_EA.pdf  used on input line 277.
(pdftex.def)             Requested size: 468.0pt x 224.12549pt.

Overfull \hbox (240.0pt too wide) in paragraph at lines 277--280
 [][] 
 []

[8 <./airport_wpi.pdf> <./airport_wpi_EA.pdf

pdfTeX warning: /Library/TeX/texbin/pdflatex (file ./airport_wpi_EA.pdf): PDF i
nclusion: multiple pdfs with page group included in a single page
>]
Underfull \hbox (badness 1158) in paragraph at lines 291--292
\OT1/ptm/m/n/9.85 fi-dence scores above 99%. Fig-ure 6[] a) shows that
 []

<cwpi_coastal.pdf, id=859, 404.02913pt x 261.76537pt>
File: cwpi_coastal.pdf Graphic file (type pdf)
<use cwpi_coastal.pdf>
Package pdftex.def Info: cwpi_coastal.pdf  used on input line 301.
(pdftex.def)             Requested size: 468.0pt x 303.22862pt.

Overfull \hbox (240.0pt too wide) in paragraph at lines 301--304
 [][] 
 []

<clim_hodo.pdf, id=860, 404.02913pt x 125.19212pt>
File: clim_hodo.pdf Graphic file (type pdf)
<use clim_hodo.pdf>
Package pdftex.def Info: clim_hodo.pdf  used on input line 308.
(pdftex.def)             Requested size: 468.0pt x 145.02237pt.

Overfull \hbox (240.0pt too wide) in paragraph at lines 308--309
 [][] 
 []

<airport_cwpi.pdf, id=861, 404.02913pt x 193.47874pt>
File: airport_cwpi.pdf Graphic file (type pdf)
<use airport_cwpi.pdf>
Package pdftex.def Info: airport_cwpi.pdf  used on input line 315.
(pdftex.def)             Requested size: 468.0pt x 224.12549pt.

Overfull \hbox (240.0pt too wide) in paragraph at lines 315--316
 [][] 
 []

[9 <./cwpi_coastal.pdf>]
<r_squared.pdf, id=911, 202.01457pt x 256.0748pt>
File: r_squared.pdf Graphic file (type pdf)
<use r_squared.pdf>
Package pdftex.def Info: r_squared.pdf  used on input line 324.
(pdftex.def)             Requested size: 228.0pt x 289.03291pt.
<ellipse_fits.pdf, id=912, 404.02913pt x 270.3012pt>
File: ellipse_fits.pdf Graphic file (type pdf)
<use ellipse_fits.pdf>
Package pdftex.def Info: ellipse_fits.pdf  used on input line 333.
(pdftex.def)             Requested size: 468.0pt x 313.11652pt.

Overfull \hbox (240.0pt too wide) in paragraph at lines 333--334
 [][] 
 []


LaTeX Warning: Reference `Fig:maps' on page 10 undefined on input line 338.

[10 <./clim_hodo.pdf> <./airport_cwpi.pdf

pdfTeX warning: /Library/TeX/texbin/pdflatex (file ./airport_cwpi.pdf): PDF inc
lusion: multiple pdfs with page group included in a single page
> <./r_squared.pdf

pdfTeX warning: /Library/TeX/texbin/pdflatex (file ./r_squared.pdf): PDF inclus
ion: multiple pdfs with page group included in a single page
>]
<ellipse_hodo.pdf, id=1019, 290.21811pt x 216.24095pt>
File: ellipse_hodo.pdf Graphic file (type pdf)
<use ellipse_hodo.pdf>
Package pdftex.def Info: ellipse_hodo.pdf  used on input line 342.
(pdftex.def)             Requested size: 468.0pt x 348.74109pt.

Overfull \hbox (240.0pt too wide) in paragraph at lines 342--343
 [][] 
 []

[11 <./ellipse_fits.pdf> <./ellipse_hodo.pdf

pdfTeX warning: /Library/TeX/texbin/pdflatex (file ./ellipse_hodo.pdf): PDF inc
lusion: multiple pdfs with page group included in a single page
>]
<nt_ellipse_hodo.pdf, id=1344, 298.75392pt x 119.50157pt>
File: nt_ellipse_hodo.pdf Graphic file (type pdf)
<use nt_ellipse_hodo.pdf>
Package pdftex.def Info: nt_ellipse_hodo.pdf  used on input line 355.
(pdftex.def)             Requested size: 468.0pt x 187.20029pt.

Overfull \hbox (240.0pt too wide) in paragraph at lines 355--356
 [][] 
 []

[12 <./nt_ellipse_hodo.pdf>]
Overfull \hbox (77.34737pt too wide) detected at line 387
[] [] \OT1/ztmcm/m/n/9.85 = [] + []
 []

<error_decomp.pdf, id=1363, 404.02913pt x 233.3126pt>
File: error_decomp.pdf Graphic file (type pdf)
<use error_decomp.pdf>
Package pdftex.def Info: error_decomp.pdf  used on input line 392.
(pdftex.def)             Requested size: 468.0pt x 270.269pt.

Overfull \hbox (240.0pt too wide) in paragraph at lines 392--393
 [][] 
 []

[13 <./error_decomp.pdf>]
<error_decomp_v.pdf, id=1402, 404.02913pt x 239.00314pt>
File: error_decomp_v.pdf Graphic file (type pdf)
<use error_decomp_v.pdf>
Package pdftex.def Info: error_decomp_v.pdf  used on input line 403.
(pdftex.def)             Requested size: 468.0pt x 276.8609pt.

Overfull \hbox (240.0pt too wide) in paragraph at lines 403--404
 [][] 
 []

(./short18_seabreeze_verification.bbl
Underfull \hbox (badness 1173) in paragraph at lines 13--18
[]\OT1/ptm/m/n/8 Abkar, M., A. Shar-ifi, and F. Port[]e-Agel, 2016: Wake flow i
n
 []


Underfull \hbox (badness 2318) in paragraph at lines 13--18
\OT1/ptm/m/n/8 a wind farm dur-ing a di-ur-nal cy-cle. \OT1/ptm/m/it/8 Jour-nal
 of Tur-bu-lence\OT1/ptm/m/n/8 ,
 []


Underfull \hbox (badness 1354) in paragraph at lines 67--71
[]\OT1/ptm/m/n/8 Gille, S. T., S. G. Llewellyn Smith, and N. M. Statom, 2005:
 []


Underfull \hbox (badness 7777) in paragraph at lines 80--85
[]\OT1/ptm/m/n/8 Haurwitz, B., 1947: Com-ments on the sea-breeze cir-cu-la-
 []


Underfull \hbox (badness 10000) in paragraph at lines 80--85
\OT1/ptm/m/n/8 tion. \OT1/ptm/m/it/8 Jour-nal of Me-te-o-rol-ogy\OT1/ptm/m/n/8 
, \OT1/ptm/b/n/8 4 (1)\OT1/ptm/m/n/8 , 1--8, doi:$10 . 1175 /
 []


Underfull \hbox (badness 10000) in paragraph at lines 80--85
\OT1/ptm/m/n/8 1520-[]0469(1947 ) 004\OMS/ztmcm/m/n/8 h\OT1/ptm/m/n/8 0001 : CO
TSBC [] 2 . 0 . CO ; 2$, URL $https :
 []


Underfull \hbox (badness 10000) in paragraph at lines 80--85
\OT1/ptm/m/n/8 / / doi . org / 10 . 1175 / 1520-[]0469(1947 ) 004\OMS/ztmcm/m/n
/8 h\OT1/ptm/m/n/8 0001 : COTSBC [] 2 . 0 . CO ; 2$,
 []


Underfull \hbox (badness 10000) in paragraph at lines 80--85
\OT1/ptm/m/n/8 https : / / doi . org / 10 . 1175 / 1520-[]0469(1947 ) 004\OMS/z
tmcm/m/n/8 h\OT1/ptm/m/n/8 0001 : COTSBC [] 2 . 0 .
 []


Underfull \hbox (badness 7631) in paragraph at lines 92--97
[]\OT1/ptm/m/n/8 Kusuda, M., and P. Alpert, 1983: Anti-clockwise ro-ta-tion
 []


Underfull \hbox (badness 3713) in paragraph at lines 92--97
\OT1/ptm/m/n/8 of the wind hodo-graph. part i: The-o-ret-i-cal study. \OT1/ptm/
m/it/8 Jour-nal
 []


Underfull \hbox (badness 2726) in paragraph at lines 92--97
\OT1/ptm/m/it/8 of the At-mo-spheric Sci-ences\OT1/ptm/m/n/8 , \OT1/ptm/b/n/8 4
0 (2)\OT1/ptm/m/n/8 , 487--499, doi:$10 . 1175 /
 []


Underfull \hbox (badness 2173) in paragraph at lines 103--109
[]\OT1/ptm/m/n/8 Lock, A. P., A. R. Brown, M. R. Bush, G. M. Mar-tin, and
 []


Underfull \hbox (badness 3769) in paragraph at lines 103--109
\OT1/ptm/m/n/8 part i: Scheme de-scrip-tion and single-column model tests.
 []


Underfull \hbox (badness 3343) in paragraph at lines 103--109
\OT1/ptm/m/it/8 Monthly Weather Re-view\OT1/ptm/m/n/8 , \OT1/ptm/b/n/8 128 (9)\
OT1/ptm/m/n/8 , 3187--3199, doi:$10 . 1175 /
 []


Underfull \hbox (badness 1067) in paragraph at lines 103--109
\OT1/ptm/m/n/8 1520-[]0493(2000 ) 128\OMS/ztmcm/m/n/8 h\OT1/ptm/m/n/8 3187 : AN
BLMS [] 2 . 0 . CO ; 2$, URL $https : / / doi .
 []

[14 <./error_decomp_v.pdf>]
Underfull \hbox (badness 10000) in paragraph at lines 129--134
\OT1/ptm/m/n/8 / / doi . org / 10 . 1175 / 1520-[]0450(1992 ) 031\OMS/ztmcm/m/n
/8 h\OT1/ptm/m/n/8 0064 : FAPDIA [] 2 . 0 . CO ; 2$,
 []


Underfull \hbox (badness 10000) in paragraph at lines 129--134
\OT1/ptm/m/n/8 https : / / doi . org / 10 . 1175 / 1520-[]0450(1992 ) 031\OMS/z
tmcm/m/n/8 h\OT1/ptm/m/n/8 0064 : FAPDIA [] 2 . 0 .
 []


Underfull \hbox (badness 1521) in paragraph at lines 136--141
[]\OT1/ptm/m/n/8 Pinson, P., and R. Hage-dorn, 2012: Ver-i-fi-ca-tion of the ec
mwf
 []


Underfull \hbox (badness 3209) in paragraph at lines 136--141
\OT1/ptm/m/n/8 en-sem-ble fore-casts of wind speed against anal-y-ses and ob-
 []


Underfull \hbox (badness 2735) in paragraph at lines 136--141
\OT1/ptm/m/n/8 ser-va-tions. \OT1/ptm/m/it/8 Me-teor. Appl.\OT1/ptm/m/n/8 , \OT
1/ptm/b/n/8 19 (4)\OT1/ptm/m/n/8 , 484--500, doi:$10 . 1002 / met .
 []


Underfull \hbox (badness 5862) in paragraph at lines 136--141
\OT1/ptm/m/n/8 283$, URL $https : / / rmets . onlinelibrary . wiley . com / doi
 / abs / 10 . 1002 /
 []


Underfull \hbox (badness 10000) in paragraph at lines 143--146
\OT1/ptm/m/n/8 [Avail-able on-line at $https : / / docs . scipy . org / doc / s
cipy / reference /
 []


Underfull \hbox (badness 3601) in paragraph at lines 148--153
[]\OT1/ptm/m/n/8 Svensson, G., and Coau-thors, 2011: Eval-u-a-tion of the di-ur
-
 []


Underfull \hbox (badness 1902) in paragraph at lines 148--153
\OT1/ptm/m/n/8 re-sented by a va-ri-ety of single-column mod-els: The sec-ond
 []


Underfull \hbox (badness 10000) in paragraph at lines 166--171
\OT1/ptm/m/n/8 / / doi . org / 10 . 1175 / 1520-[]0442(1995 ) 008\OMS/ztmcm/m/n
/8 h\OT1/ptm/m/n/8 0336 : TSCIAI [] 2 . 0 . CO ; 2$,
 []


Underfull \hbox (badness 10000) in paragraph at lines 166--171
\OT1/ptm/m/n/8 https : / / doi . org / 10 . 1175 / 1520-[]0442(1995 ) 008\OMS/z
tmcm/m/n/8 h\OT1/ptm/m/n/8 0336 : TSCIAI [] 2 . 0 .
 []

) [15

] (./short18_seabreeze_verification.aux)

LaTeX Warning: There were undefined references.


LaTeX Warning: There were multiply-defined labels.

 ) 
Here is how much of TeX's memory you used:
 4043 strings out of 492649
 53688 string characters out of 6129623
 140654 words of memory out of 5000000
 7780 multiletter control sequences out of 15000+600000
 69858 words of font info for 154 fonts, out of 8000000 for 9000
 1141 hyphenation exceptions out of 8191
 41i,13n,37p,2576b,344s stack positions out of 5000i,500n,10000p,200000b,80000s
{/usr/local/texlive/2018/texmf-dist/fonts/enc/dvips/base/8r.enc}</usr/local/t
exlive/2018/texmf-dist/fonts/type1/public/amsfonts/cm/cmex10.pfb></usr/local/te
xlive/2018/texmf-dist/fonts/type1/public/amsfonts/cm/cmmi10.pfb></usr/local/tex
live/2018/texmf-dist/fonts/type1/public/amsfonts/cm/cmmib10.pfb></usr/local/tex
live/2018/texmf-dist/fonts/type1/public/amsfonts/cm/cmr10.pfb></usr/local/texli
ve/2018/texmf-dist/fonts/type1/public/amsfonts/cm/cmsy10.pfb></usr/local/texliv
e/2018/texmf-dist/fonts/type1/public/amsfonts/cm/cmsy6.pfb></usr/local/texlive/
2018/texmf-dist/fonts/type1/public/amsfonts/cm/cmsy7.pfb></usr/local/texlive/20
18/texmf-dist/fonts/type1/public/amsfonts/cm/cmtt10.pfb></usr/local/texlive/201
8/texmf-dist/fonts/type1/urw/symbol/usyr.pfb></usr/local/texlive/2018/texmf-dis
t/fonts/type1/urw/times/utmb8a.pfb></usr/local/texlive/2018/texmf-dist/fonts/ty
pe1/urw/times/utmr8a.pfb></usr/local/texlive/2018/texmf-dist/fonts/type1/urw/ti
mes/utmri8a.pfb>
Output written on short18_seabreeze_verification.pdf (15 pages, 1453232 bytes).

PDF statistics:
 1485 PDF objects out of 1728 (max. 8388607)
 975 compressed objects within 10 object streams
 0 named destinations out of 1000 (max. 500000)
 76 words of extra memory for PDF output out of 10000 (max. 10000000)

