This is pdfTeX, Version 3.14159265-2.6-1.40.18 (TeX Live 2017/Debian) (preloaded format=pdflatex 2019.3.8)  14 FEB 2020 15:24
entering extended mode
 restricted \write18 enabled.
 %&-line parsing enabled.
**short18_seabreeze_verification_tracked_changes.tex
(./short18_seabreeze_verification_tracked_changes.tex
LaTeX2e <2017-04-15>
Babel <3.18> and hyphenation patterns for 84 language(s) loaded.
(./ametsoc.cls
\c@section=\count79
\c@subsection=\count80
\c@subsubsection=\count81
\c@paragraph=\count82
\c@subparagraph=\count83
\c@figure=\count84
\c@table=\count85
\abovecaptionskip=\skip41
\belowcaptionskip=\skip42
\bibindent=\dimen102
 (/usr/share/texlive/texmf-dist/tex/latex/graphics/graphicx.sty
Package: graphicx 2017/06/01 v1.1a Enhanced LaTeX Graphics (DPC,SPQR)

(/usr/share/texlive/texmf-dist/tex/latex/graphics/keyval.sty
Package: keyval 2014/10/28 v1.15 key=value parser (DPC)
\KV@toks@=\toks14
)
(/usr/share/texlive/texmf-dist/tex/latex/graphics/graphics.sty
Package: graphics 2017/06/25 v1.2c Standard LaTeX Graphics (DPC,SPQR)

(/usr/share/texlive/texmf-dist/tex/latex/graphics/trig.sty
Package: trig 2016/01/03 v1.10 sin cos tan (DPC)
)
(/usr/share/texlive/texmf-dist/tex/latex/graphics-cfg/graphics.cfg
File: graphics.cfg 2016/06/04 v1.11 sample graphics configuration
)
Package graphics Info: Driver file: pdftex.def on input line 99.

(/usr/share/texlive/texmf-dist/tex/latex/graphics-def/pdftex.def
File: pdftex.def 2018/01/08 v1.0l Graphics/color driver for pdftex
))
\Gin@req@height=\dimen103
\Gin@req@width=\dimen104
)
(/usr/share/texlive/texmf-dist/tex/latex/amsmath/amsmath.sty
Package: amsmath 2017/09/02 v2.17a AMS math features
\@mathmargin=\skip43

For additional information on amsmath, use the `?' option.
(/usr/share/texlive/texmf-dist/tex/latex/amsmath/amstext.sty
Package: amstext 2000/06/29 v2.01 AMS text

(/usr/share/texlive/texmf-dist/tex/latex/amsmath/amsgen.sty
File: amsgen.sty 1999/11/30 v2.0 generic functions
\@emptytoks=\toks15
\ex@=\dimen105
))
(/usr/share/texlive/texmf-dist/tex/latex/amsmath/amsbsy.sty
Package: amsbsy 1999/11/29 v1.2d Bold Symbols
\pmbraise@=\dimen106
)
(/usr/share/texlive/texmf-dist/tex/latex/amsmath/amsopn.sty
Package: amsopn 2016/03/08 v2.02 operator names
)
\inf@bad=\count86
LaTeX Info: Redefining \frac on input line 213.
\uproot@=\count87
\leftroot@=\count88
LaTeX Info: Redefining \overline on input line 375.
\classnum@=\count89
\DOTSCASE@=\count90
LaTeX Info: Redefining \ldots on input line 472.
LaTeX Info: Redefining \dots on input line 475.
LaTeX Info: Redefining \cdots on input line 596.
\Mathstrutbox@=\box26
\strutbox@=\box27
\big@size=\dimen107
LaTeX Font Info:    Redeclaring font encoding OML on input line 712.
LaTeX Font Info:    Redeclaring font encoding OMS on input line 713.
\macc@depth=\count91
\c@MaxMatrixCols=\count92
\dotsspace@=\muskip10
\c@parentequation=\count93
\dspbrk@lvl=\count94
\tag@help=\toks16
\row@=\count95
\column@=\count96
\maxfields@=\count97
\andhelp@=\toks17
\eqnshift@=\dimen108
\alignsep@=\dimen109
\tagshift@=\dimen110
\tagwidth@=\dimen111
\totwidth@=\dimen112
\lineht@=\dimen113
\@envbody=\toks18
\multlinegap=\skip44
\multlinetaggap=\skip45
\mathdisplay@stack=\toks19
LaTeX Info: Redefining \[ on input line 2817.
LaTeX Info: Redefining \] on input line 2818.
)
(/usr/share/texlive/texmf-dist/tex/latex/amsfonts/amsfonts.sty
Package: amsfonts 2013/01/14 v3.01 Basic AMSFonts support
\symAMSa=\mathgroup4
\symAMSb=\mathgroup5
LaTeX Font Info:    Overwriting math alphabet `\mathfrak' in version `bold'
(Font)                  U/euf/m/n --> U/euf/b/n on input line 106.
)
(/usr/share/texlive/texmf-dist/tex/latex/amsfonts/amssymb.sty
Package: amssymb 2013/01/14 v3.01 AMS font symbols
)
(/usr/share/texlive/texmf-dist/tex/latex/tools/bm.sty
Package: bm 2017/01/16 v1.2c Bold Symbol Support (DPC/FMi)
\symboldoperators=\mathgroup6
\symboldletters=\mathgroup7
\symboldsymbols=\mathgroup8
LaTeX Font Info:    Redeclaring math alphabet \mathbf on input line 141.
LaTeX Info: Redefining \bm on input line 207.
)
(/usr/share/texlive/texmf-dist/tex/latex/psnfss/helvet.sty
Package: helvet 2005/04/12 PSNFSS-v9.2a (WaS) 
)
(/usr/share/texlive/texmf-dist/tex/latex/psnfss/mathptmx.sty
Package: mathptmx 2005/04/12 PSNFSS-v9.2a Times w/ Math, improved (SPQR, WaS) 
LaTeX Font Info:    Redeclaring symbol font `operators' on input line 28.
LaTeX Font Info:    Overwriting symbol font `operators' in version `normal'
(Font)                  OT1/cmr/m/n --> OT1/ztmcm/m/n on input line 28.
LaTeX Font Info:    Overwriting symbol font `operators' in version `bold'
(Font)                  OT1/cmr/bx/n --> OT1/ztmcm/m/n on input line 28.
LaTeX Font Info:    Redeclaring symbol font `letters' on input line 29.
LaTeX Font Info:    Overwriting symbol font `letters' in version `normal'
(Font)                  OML/cmm/m/it --> OML/ztmcm/m/it on input line 29.
LaTeX Font Info:    Overwriting symbol font `letters' in version `bold'
(Font)                  OML/cmm/b/it --> OML/ztmcm/m/it on input line 29.
LaTeX Font Info:    Redeclaring symbol font `symbols' on input line 30.
LaTeX Font Info:    Overwriting symbol font `symbols' in version `normal'
(Font)                  OMS/cmsy/m/n --> OMS/ztmcm/m/n on input line 30.
LaTeX Font Info:    Overwriting symbol font `symbols' in version `bold'
(Font)                  OMS/cmsy/b/n --> OMS/ztmcm/m/n on input line 30.
LaTeX Font Info:    Redeclaring symbol font `largesymbols' on input line 31.
LaTeX Font Info:    Overwriting symbol font `largesymbols' in version `normal'
(Font)                  OMX/cmex/m/n --> OMX/ztmcm/m/n on input line 31.
LaTeX Font Info:    Overwriting symbol font `largesymbols' in version `bold'
(Font)                  OMX/cmex/m/n --> OMX/ztmcm/m/n on input line 31.
\symbold=\mathgroup9
\symitalic=\mathgroup10
LaTeX Font Info:    Redeclaring math alphabet \mathbf on input line 34.
LaTeX Font Info:    Redeclaring math alphabet \mathit on input line 35.
LaTeX Font Info:    Overwriting math alphabet `\mathit' in version `normal'
(Font)                  OT1/cmr/m/it --> OT1/ptm/m/it on input line 35.
LaTeX Font Info:    Overwriting math alphabet `\mathit' in version `bold'
(Font)                  OT1/cmr/bx/it --> OT1/ptm/m/it on input line 35.
LaTeX Info: Redefining \hbar on input line 50.
)
(/usr/share/texlive/texmf-dist/tex/latex/natbib/natbib.sty
Package: natbib 2010/09/13 8.31b (PWD, AO)
\bibhang=\skip46
\bibsep=\skip47
LaTeX Info: Redefining \cite on input line 694.
\c@NAT@ctr=\count98
)
(/usr/share/texlive/texmf-dist/tex/latex/url/url.sty
\Urlmuskip=\muskip11
Package: url 2013/09/16  ver 3.4  Verb mode for urls, etc.
)
(/usr/share/texlive/texmf-dist/tex/latex/xcolor/xcolor.sty
Package: xcolor 2016/05/11 v2.12 LaTeX color extensions (UK)

(/usr/share/texlive/texmf-dist/tex/latex/graphics-cfg/color.cfg
File: color.cfg 2016/01/02 v1.6 sample color configuration
)
Package xcolor Info: Driver file: pdftex.def on input line 225.
Package xcolor Info: Model `cmy' substituted by `cmy0' on input line 1348.
Package xcolor Info: Model `hsb' substituted by `rgb' on input line 1352.
Package xcolor Info: Model `RGB' extended on input line 1364.
Package xcolor Info: Model `HTML' substituted by `rgb' on input line 1366.
Package xcolor Info: Model `Hsb' substituted by `hsb' on input line 1367.
Package xcolor Info: Model `tHsb' substituted by `hsb' on input line 1368.
Package xcolor Info: Model `HSB' substituted by `hsb' on input line 1369.
Package xcolor Info: Model `Gray' substituted by `gray' on input line 1370.
Package xcolor Info: Model `wave' substituted by `hsb' on input line 1371.
)
(/usr/share/texlive/texmf-dist/tex/latex/tools/indentfirst.sty
Package: indentfirst 1995/11/23 v1.03 Indent first paragraph (DPC)
)
(/usr/share/texlive/texmf-dist/tex/latex/tools/multicol.sty
Package: multicol 2017/04/11 v1.8q multicolumn formatting (FMi)
\c@tracingmulticols=\count99
\mult@box=\box28
\multicol@leftmargin=\dimen114
\c@unbalance=\count100
\c@collectmore=\count101
\doublecol@number=\count102
\multicoltolerance=\count103
\multicolpretolerance=\count104
\full@width=\dimen115
\page@free=\dimen116
\premulticols=\dimen117
\postmulticols=\dimen118
\multicolsep=\skip48
\multicolbaselineskip=\skip49
\partial@page=\box29
\last@line=\box30
\maxbalancingoverflow=\dimen119
\mult@rightbox=\box31
\mult@grightbox=\box32
\mult@gfirstbox=\box33
\mult@firstbox=\box34
\@tempa=\box35
\@tempa=\box36
\@tempa=\box37
\@tempa=\box38
\@tempa=\box39
\@tempa=\box40
\@tempa=\box41
\@tempa=\box42
\@tempa=\box43
\@tempa=\box44
\@tempa=\box45
\@tempa=\box46
\@tempa=\box47
\@tempa=\box48
\@tempa=\box49
\@tempa=\box50
\@tempa=\box51
\c@columnbadness=\count105
\c@finalcolumnbadness=\count106
\last@try=\dimen120
\multicolovershoot=\dimen121
\multicolundershoot=\dimen122
\mult@nat@firstbox=\box52
\colbreak@box=\box53
\mc@col@check@num=\count107
)
(/usr/share/texlive/texmf-dist/tex/latex/base/ifthen.sty
Package: ifthen 2014/09/29 v1.1c Standard LaTeX ifthen package (DPC)
)
(/usr/share/texlive/texmf-dist/tex/latex/graphics/rotating.sty
Package: rotating 2016/08/11 v2.16d rotated objects in LaTeX
\c@r@tfl@t=\count108
\rotFPtop=\skip50
\rotFPbot=\skip51
\rot@float@box=\box54
\rot@mess@toks=\toks20
)
(/usr/share/texlive/texmf-dist/tex/latex/endfloat/endfloat.sty
Package: endfloat 2011/12/25 v2.5d LaTeX2e package puts figures and tables at e
nd (jdm)
\c@posttable=\count109
\efloat@postttt=\write3
\@ef@tttopen=\count110
\c@postfigure=\count111
\efloat@postfff=\write4
\@ef@fffopen=\count112
)
(/usr/share/texlive/texmf-dist/tex/latex/lineno/lineno.sty
Package: lineno 2005/11/02 line numbers on paragraphs v4.41
\linenopenalty=\count113
\output=\toks21
\linenoprevgraf=\count114
\linenumbersep=\dimen123
\linenumberwidth=\dimen124
\c@linenumber=\count115
\c@pagewiselinenumber=\count116
\c@LN@truepage=\count117
\c@internallinenumber=\count118
\c@internallinenumbers=\count119
\quotelinenumbersep=\dimen125
\bframerule=\dimen126
\bframesep=\dimen127
\bframebox=\box55
LaTeX Info: Redefining \\ on input line 3056.
)
\c@extraauth=\count120
\c@loopnum=\count121
\thanksnum=\count122
\savethanksnum=\count123
)
(/usr/share/texlive/texmf-dist/tex/latex/comment/comment.sty
\CommentStream=\write5

Excluding comment 'comment')
(/usr/share/texlive/texmf-dist/tex/generic/ulem/ulem.sty
\UL@box=\box56
\UL@hyphenbox=\box57
\UL@skip=\skip52
\UL@hook=\toks22
\UL@height=\dimen128
\UL@pe=\count124
\UL@pixel=\dimen129
\ULC@box=\box58
Package: ulem 2012/05/18
\ULdepth=\dimen130
)
(./short18_seabreeze_verification_tracked_changes.aux)
\openout1 = `short18_seabreeze_verification_tracked_changes.aux'.

LaTeX Font Info:    Checking defaults for OML/cmm/m/it on input line 141.
LaTeX Font Info:    ... okay on input line 141.
LaTeX Font Info:    Checking defaults for T1/cmr/m/n on input line 141.
LaTeX Font Info:    ... okay on input line 141.
LaTeX Font Info:    Checking defaults for OT1/cmr/m/n on input line 141.
LaTeX Font Info:    ... okay on input line 141.
LaTeX Font Info:    Checking defaults for OMS/cmsy/m/n on input line 141.
LaTeX Font Info:    ... okay on input line 141.
LaTeX Font Info:    Checking defaults for OMX/cmex/m/n on input line 141.
LaTeX Font Info:    ... okay on input line 141.
LaTeX Font Info:    Checking defaults for U/cmr/m/n on input line 141.
LaTeX Font Info:    ... okay on input line 141.
LaTeX Font Info:    Try loading font information for OT1+ptm on input line 141.


(/usr/share/texlive/texmf-dist/tex/latex/psnfss/ot1ptm.fd
File: ot1ptm.fd 2001/06/04 font definitions for OT1/ptm.
)
(/usr/share/texlive/texmf-dist/tex/context/base/mkii/supp-pdf.mkii
[Loading MPS to PDF converter (version 2006.09.02).]
\scratchcounter=\count125
\scratchdimen=\dimen131
\scratchbox=\box59
\nofMPsegments=\count126
\nofMParguments=\count127
\everyMPshowfont=\toks23
\MPscratchCnt=\count128
\MPscratchDim=\dimen132
\MPnumerator=\count129
\makeMPintoPDFobject=\count130
\everyMPtoPDFconversion=\toks24
) (/usr/share/texlive/texmf-dist/tex/latex/oberdiek/epstopdf-base.sty
Package: epstopdf-base 2016/05/15 v2.6 Base part for package epstopdf

(/usr/share/texlive/texmf-dist/tex/generic/oberdiek/infwarerr.sty
Package: infwarerr 2016/05/16 v1.4 Providing info/warning/error messages (HO)
)
(/usr/share/texlive/texmf-dist/tex/latex/oberdiek/grfext.sty
Package: grfext 2016/05/16 v1.2 Manage graphics extensions (HO)

(/usr/share/texlive/texmf-dist/tex/generic/oberdiek/kvdefinekeys.sty
Package: kvdefinekeys 2016/05/16 v1.4 Define keys (HO)

(/usr/share/texlive/texmf-dist/tex/generic/oberdiek/ltxcmds.sty
Package: ltxcmds 2016/05/16 v1.23 LaTeX kernel commands for general use (HO)
)))
(/usr/share/texlive/texmf-dist/tex/latex/oberdiek/kvoptions.sty
Package: kvoptions 2016/05/16 v3.12 Key value format for package options (HO)

(/usr/share/texlive/texmf-dist/tex/generic/oberdiek/kvsetkeys.sty
Package: kvsetkeys 2016/05/16 v1.17 Key value parser (HO)

(/usr/share/texlive/texmf-dist/tex/generic/oberdiek/etexcmds.sty
Package: etexcmds 2016/05/16 v1.6 Avoid name clashes with e-TeX commands (HO)

(/usr/share/texlive/texmf-dist/tex/generic/oberdiek/ifluatex.sty
Package: ifluatex 2016/05/16 v1.4 Provides the ifluatex switch (HO)
Package ifluatex Info: LuaTeX not detected.
)
Package etexcmds Info: Could not find \expanded.
(etexcmds)             That can mean that you are not using pdfTeX 1.50 or
(etexcmds)             that some package has redefined \expanded.
(etexcmds)             In the latter case, load this package earlier.
)))
(/usr/share/texlive/texmf-dist/tex/generic/oberdiek/pdftexcmds.sty
Package: pdftexcmds 2018/01/21 v0.26 Utility functions of pdfTeX for LuaTeX (HO
)

(/usr/share/texlive/texmf-dist/tex/generic/oberdiek/ifpdf.sty
Package: ifpdf 2017/03/15 v3.2 Provides the ifpdf switch
)
Package pdftexcmds Info: LuaTeX not detected.
Package pdftexcmds Info: \pdf@primitive is available.
Package pdftexcmds Info: \pdf@ifprimitive is available.
Package pdftexcmds Info: \pdfdraftmode found.
)
Package epstopdf-base Info: Redefining graphics rule for `.eps' on input line 4
38.
Package grfext Info: Graphics extension search list:
(grfext)             [.pdf,.png,.jpg,.mps,.jpeg,.jbig2,.jb2,.PDF,.PNG,.JPG,.JPE
G,.JBIG2,.JB2,.eps]
(grfext)             \AppendGraphicsExtensions on input line 456.

(/usr/share/texlive/texmf-dist/tex/latex/latexconfig/epstopdf-sys.cfg
File: epstopdf-sys.cfg 2010/07/13 v1.3 Configuration of (r)epstopdf for TeX Liv
e
))
LaTeX Font Info:    Font shape `OT1/ptm/bx/n' in size <14.4> not available
(Font)              Font shape `OT1/ptm/b/n' tried instead on input line 143.
LaTeX Font Info:    Try loading font information for OT1+phv on input line 143.


(/usr/share/texlive/texmf-dist/tex/latex/psnfss/ot1phv.fd
File: ot1phv.fd 2001/06/04 scalable font definitions for OT1/phv.
)
LaTeX Font Info:    Font shape `OT1/phv/m/n' will be
(Font)              scaled to size 4.85pt on input line 143.
LaTeX Font Info:    Try loading font information for OT1+ztmcm on input line 14
3.

(/usr/share/texlive/texmf-dist/tex/latex/psnfss/ot1ztmcm.fd
File: ot1ztmcm.fd 2000/01/03 Fontinst v1.801 font definitions for OT1/ztmcm.
)
LaTeX Font Info:    Try loading font information for OML+ztmcm on input line 14
3.

(/usr/share/texlive/texmf-dist/tex/latex/psnfss/omlztmcm.fd
File: omlztmcm.fd 2000/01/03 Fontinst v1.801 font definitions for OML/ztmcm.
)
LaTeX Font Info:    Try loading font information for OMS+ztmcm on input line 14
3.

(/usr/share/texlive/texmf-dist/tex/latex/psnfss/omsztmcm.fd
File: omsztmcm.fd 2000/01/03 Fontinst v1.801 font definitions for OMS/ztmcm.
)
LaTeX Font Info:    Try loading font information for OMX+ztmcm on input line 14
3.

(/usr/share/texlive/texmf-dist/tex/latex/psnfss/omxztmcm.fd
File: omxztmcm.fd 2000/01/03 Fontinst v1.801 font definitions for OMX/ztmcm.
)
LaTeX Font Info:    Font shape `OT1/ptm/bx/n' in size <12> not available
(Font)              Font shape `OT1/ptm/b/n' tried instead on input line 143.
LaTeX Font Info:    Font shape `OT1/ptm/bx/n' in size <9> not available
(Font)              Font shape `OT1/ptm/b/n' tried instead on input line 143.
LaTeX Font Info:    Font shape `OT1/ptm/bx/n' in size <7> not available
(Font)              Font shape `OT1/ptm/b/n' tried instead on input line 143.

Underfull \hbox (badness 10000) has occurred while \output is active
[]
 []

LaTeX Font Info:    Font shape `OT1/ptm/bx/n' in size <5> not available
(Font)              Font shape `OT1/ptm/b/n' tried instead on input line 143.
[1{/var/lib/texmf/fonts/map/pdftex/updmap/pdftex.map}] [2]
Underfull \hbox (badness 1584) in paragraph at lines 168--169
|   []   |   []   |   []   |   []   |   []   |   []   |   []   |   []   |   [] 
  |   []   |   []   |   []   |   []
 []


Underfull \vbox (badness 10000) has occurred while \output is active []

 [3]
Underfull \vbox (badness 10000) has occurred while \output is active []

 [4]
Underfull \vbox (badness 10000) has occurred while \output is active []

 [5]
[6]
Underfull \vbox (badness 10000) has occurred while \output is active []

 [7]
Underfull \hbox (badness 1902) in paragraph at lines 224--234
[]\OT1/ptm/m/n/12 The []|   []   |   []   |   []   |   []   |   []   |   []   |
   []   |   []   |   []   |   []   |   []   |   []
 []


Underfull \vbox (badness 10000) has occurred while \output is active []

 [8]
[9]
\openout4 = `short18_seabreeze_verification_tracked_changes.fff'.

 (short18_seabreeze_verification_tracked_changes.fff)
Underfull \vbox (badness 6741) has occurred while \output is active []

 [10]
Underfull \vbox (badness 10000) has occurred while \output is active []

 [11]
Underfull \vbox (badness 10000) has occurred while \output is active []

 [12]
[13] [14] [15]

LaTeX Warning: Reference `Fig:wpi_coastal' on page 16 undefined on input line 3
67.

[16]

LaTeX Warning: Reference `Fig:perth_sounding' on page 17 undefined on input lin
e 374.


LaTeX Warning: Reference `Fig:perth_sounding' on page 17 undefined on input lin
e 376.


Underfull \vbox (badness 10000) has occurred while \output is active []

 [17]

LaTeX Warning: Reference `Fig:airport_wpi' on page 18 undefined on input line 4
20.


LaTeX Warning: Reference `Fig:wpi_coastal' on page 18 undefined on input line 4
20.


Underfull \vbox (badness 10000) has occurred while \output is active []

 [18]

LaTeX Warning: Reference `Fig:airport_wpi' on page 19 undefined on input line 4
35.


LaTeX Warning: Reference `Fig:airport_wpi_EA' on page 19 undefined on input lin
e 442.


LaTeX Warning: Reference `Fig:airport_wpi' on page 19 undefined on input line 4
46.


Underfull \vbox (badness 10000) has occurred while \output is active []

 [19]

LaTeX Warning: Reference `Fig:cwpi_coastal' on page 20 undefined on input line 
452.


LaTeX Warning: Reference `Fig:wpi_coastal' on page 20 undefined on input line 4
52.

[20]

LaTeX Warning: Reference `Fig:cwpi_coastal' on page 21 undefined on input line 
475.


LaTeX Warning: Reference `Fig:wpi_coastal' on page 21 undefined on input line 4
83.


LaTeX Warning: Reference `Fig:airport_cwpi' on page 21 undefined on input line 
514.


Underfull \vbox (badness 10000) has occurred while \output is active []

 [21]
[22]
Underfull \vbox (badness 10000) has occurred while \output is active []

 [23]
Underfull \vbox (badness 10000) has occurred while \output is active []

 [24]

LaTeX Warning: Reference `Fig:wpi_coastal' on page 25 undefined on input line 5
93.


LaTeX Warning: Reference `Fig:airport_wpi' on page 25 undefined on input line 5
93.


Underfull \vbox (badness 10000) has occurred while \output is active []

 [25]

LaTeX Warning: Reference `Fig:error_decomp_sa' on page 26 undefined on input li
ne 614.

[26]

LaTeX Warning: Reference `Fig:airport_wpi' on page 27 undefined on input line 6
20.


LaTeX Warning: Reference `Fig:airport_wpi' on page 27 undefined on input line 6
22.


LaTeX Warning: Reference `Fig:wpi_coastal' on page 27 undefined on input line 6
25.


Underfull \vbox (badness 10000) has occurred while \output is active []

 [27]

LaTeX Warning: Reference `Fig:airport_wpi' on page 28 undefined on input line 6
30.


LaTeX Warning: Reference `Fig:wpi_coastal' on page 28 undefined on input line 6
30.


LaTeX Warning: Reference `Fig:airport_wpi' on page 28 undefined on input line 6
30.


LaTeX Warning: Reference `Fig:airport_wpi_EA' on page 28 undefined on input lin
e 630.


LaTeX Warning: Reference `Fig:wpi_coastal' on page 28 undefined on input line 6
30.


Underfull \vbox (badness 10000) has occurred while \output is active []

 [28]

LaTeX Warning: Reference `Fig:wpi_coastal' on page 29 undefined on input line 6
36.


Underfull \vbox (badness 10000) has occurred while \output is active []

 [29]
[30]
Underfull \vbox (badness 10000) has occurred while \output is active []

 [31]
(./short18_seabreeze_verification_tracked_changes.bbl
Underfull \vbox (badness 3386) has occurred while \output is active []

 [32]
[33]
Underfull \hbox (badness 1558) in paragraph at lines 88--91
[]\OT1/ptm/m/n/12 Engel, C., and E. Ebert, 2007: Per-for-mance of hourly op-er-
a-tional con-sen-sus fore-casts
 []

[34]
Underfull \vbox (badness 1838) has occurred while \output is active []

 [35]
Underfull \hbox (badness 10000) in paragraph at lines 178--181
\OT1/ptm/m/n/12 forecast[]veri^^Lcation[]paper / blob / master / code / DAE % 2
0Synthetic % 20Data % 20Tests . ipynb$ -
 []

[36]) AED endfloat: Processing end Figures and Tables [37]
(./short18_seabreeze_verification_tracked_changes.lof
LaTeX Font Info:    Font shape `OT1/ptm/bx/n' in size <10.5> not available
(Font)              Font shape `OT1/ptm/b/n' tried instead on input line 1.
LaTeX Font Info:    Calculating math sizes for size <10.5> on input line 3.


LaTeX Font Warning: Font shape `OT1/cmr/bx/n' in size <10.5> not available
(Font)              size <10.95> substituted on input line 3.


LaTeX Font Warning: Font shape `OML/cmm/b/it' in size <10.5> not available
(Font)              size <10.95> substituted on input line 3.


LaTeX Font Warning: Font shape `OMS/cmsy/b/n' in size <10.5> not available
(Font)              size <10.95> substituted on input line 3.

LaTeX Font Info:    Font shape `OT1/ptm/bx/n' in size <7.77005> not available
(Font)              Font shape `OT1/ptm/b/n' tried instead on input line 3.
LaTeX Font Info:    Font shape `OT1/ptm/bx/n' in size <6.30006> not available
(Font)              Font shape `OT1/ptm/b/n' tried instead on input line 3.

LaTeX Warning: Reference `Fig:wpi_coastal' on page 45 undefined on input line 7
.


Underfull \vbox (badness 10000) has occurred while \output is active []


Underfull \hbox (badness 10000) has occurred while \output is active
[]
 []

[38


]
Underfull \hbox (badness 2027) in paragraph at lines 17--17
  []\OT1/ptm/m/n/10.5 Mean square er-ror be-tween the AWS and []|   []   [][]| 
  []   |   []   []zonal per-tur-ba-
 []

)
\tf@lof=\write6
\openout6 = `short18_seabreeze_verification_tracked_changes.lof'.

 [39] (./short18_seabreeze_verification_tracked_changes.fff
<schematic.pdf, id=138, 204.85983pt x 233.3126pt>
File: schematic.pdf Graphic file (type pdf)
<use schematic.pdf>
Package pdftex.def Info: schematic.pdf  used on input line 3.
(pdftex.def)             Requested size: 228.0pt x 259.68494pt.
 [40 <./schematic.pdf>]
<map.pdf, id=153, 378.42165pt x 284.52756pt>
File: map.pdf Graphic file (type pdf)
<use map.pdf>
Package pdftex.def Info: map.pdf  used on input line 11.
(pdftex.def)             Requested size: 468.0pt x 351.8901pt.
 [41 <./map.pdf>]
<coastal_DAE.pdf, id=490, 409.71968pt x 267.4559pt>
File: coastal_DAE.pdf Graphic file (type pdf)
<use coastal_DAE.pdf>
Package pdftex.def Info: coastal_DAE.pdf  used on input line 21.
(pdftex.def)             Requested size: 468.0pt x 305.52321pt.
 [42 <./coastal_DAE.pdf>]
<case_studies_nt.pdf, id=575, 202.01457pt x 341.43306pt>
File: case_studies_nt.pdf Graphic file (type pdf)
<use case_studies_nt.pdf>
Package pdftex.def Info: case_studies_nt.pdf  used on input line 31.
(pdftex.def)             Requested size: 228.0pt x 385.37721pt.
 [43 <./case_studies_nt.pdf>]
<case_studies_wa.pdf, id=595, 202.01457pt x 332.89723pt>
File: case_studies_wa.pdf Graphic file (type pdf)
<use case_studies_wa.pdf>
Package pdftex.def Info: case_studies_wa.pdf  used on input line 41.
(pdftex.def)             Requested size: 228.0pt x 375.7428pt.

[44 <./case_studies_wa.pdf>]
<soundings.pdf, id=615, 335.74252pt x 182.09764pt>
File: soundings.pdf Graphic file (type pdf)
<use soundings.pdf>
Package pdftex.def Info: soundings.pdf  used on input line 51.
(pdftex.def)             Requested size: 396.0pt x 214.79277pt.
<city_DAE.pdf, id=616, 409.71968pt x 187.78818pt>
File: city_DAE.pdf Graphic file (type pdf)
<use city_DAE.pdf>
Package pdftex.def Info: city_DAE.pdf  used on input line 62.
(pdftex.def)             Requested size: 468.0pt x 214.51627pt.


LaTeX Warning: Reference `Fig:wpi_coastal' on page 45 undefined on input line 6
3.


LaTeX Warning: Reference `Fig:wpi_coastal' on page 45 undefined on input line 6
3.


LaTeX Warning: Reference `Fig:wpi_coastal' on page 45 undefined on input line 6
3.

[45 <./soundings.pdf> <./city_DAE.pdf

pdfTeX warning: pdflatex (file ./city_DAE.pdf): PDF inclusion: multiple pdfs wi
th page group included in a single page
>]
<airport_DAE.pdf, id=732, 409.71968pt x 187.78818pt>
File: airport_DAE.pdf Graphic file (type pdf)
<use airport_DAE.pdf>
Package pdftex.def Info: airport_DAE.pdf  used on input line 72.
(pdftex.def)             Requested size: 468.0pt x 214.51627pt.
 [46 <./airport_DAE.pdf>]
<DB_coastal.pdf, id=815, 409.71968pt x 267.4559pt>
File: DB_coastal.pdf Graphic file (type pdf)
<use DB_coastal.pdf>
Package pdftex.def Info: DB_coastal.pdf  used on input line 80.
(pdftex.def)             Requested size: 468.0pt x 305.52321pt.
 [47 <./DB_coastal.pdf>]
<darwin_hodo.pdf, id=901, 409.71968pt x 159.33543pt>
File: darwin_hodo.pdf Graphic file (type pdf)
<use darwin_hodo.pdf>
Package pdftex.def Info: darwin_hodo.pdf  used on input line 88.
(pdftex.def)             Requested size: 468.0pt x 182.01381pt.
 [48 <./darwin_hodo.pdf>]
<clim_hodo.pdf, id=920, 199.1693pt x 341.43306pt>
File: clim_hodo.pdf Graphic file (type pdf)
<use clim_hodo.pdf>
Package pdftex.def Info: clim_hodo.pdf  used on input line 98.
(pdftex.def)             Requested size: 228.0pt x 390.87881pt.


LaTeX Warning: Reference `Fig:airport_wpi' on page 49 undefined on input line 1
10.

[49 <./clim_hodo.pdf>]
<DB_city.pdf, id=943, 409.71968pt x 204.85983pt>
File: DB_city.pdf Graphic file (type pdf)
<use DB_city.pdf>
Package pdftex.def Info: DB_city.pdf  used on input line 120.
(pdftex.def)             Requested size: 468.0pt x 234.01776pt.
 [50 <./DB_city.pdf>]
<DB_airport.pdf, id=1039, 409.71968pt x 204.85983pt>
File: DB_airport.pdf Graphic file (type pdf)
<use DB_airport.pdf>
Package pdftex.def Info: DB_airport.pdf  used on input line 128.
(pdftex.def)             Requested size: 468.0pt x 234.01776pt.
 [51 <./DB_airport.pdf>]
<r_squared.pdf, id=1155, 213.39566pt x 239.00314pt>
File: r_squared.pdf Graphic file (type pdf)
<use r_squared.pdf>
Package pdftex.def Info: r_squared.pdf  used on input line 138.
(pdftex.def)             Requested size: 228.0pt x 255.36249pt.
 [52 <./r_squared.pdf>]
<ellipse_fits.pdf, id=1198, 412.56496pt x 270.3012pt>
File: ellipse_fits.pdf Graphic file (type pdf)
<use ellipse_fits.pdf>
Package pdftex.def Info: ellipse_fits.pdf  used on input line 148.
(pdftex.def)             Requested size: 468.0pt x 306.6205pt.
 [53 <./ellipse_fits.pdf>]
<ellipse_hodo.pdf, id=1507, 398.3386pt x 142.26378pt>
File: ellipse_hodo.pdf Graphic file (type pdf)
<use ellipse_hodo.pdf>
Package pdftex.def Info: ellipse_hodo.pdf  used on input line 158.
(pdftex.def)             Requested size: 468.0pt x 167.15128pt.
 [54 <./ellipse_hodo.pdf>]
<error_decomp_bris.pdf, id=1535, 412.56496pt x 233.3126pt>
File: error_decomp_bris.pdf Graphic file (type pdf)
<use error_decomp_bris.pdf>
Package pdftex.def Info: error_decomp_bris.pdf  used on input line 168.
(pdftex.def)             Requested size: 468.0pt x 264.6619pt.

Underfull \hbox (badness 3312) in paragraph at lines 169--169
[]\OT1/ptm/m/sc/10.5 Fig. \OT1/ptm/m/n/10.5 17. Mean square er-ror be-tween the
 AWS and []|   []   [][]|   []   |   []   []zonal per-tur-ba-tions
 []


Underfull \hbox (badness 2165) in paragraph at lines 169--169
[] \OT1/ptm/m/sc/10.5 Fig. \OT1/ptm/m/n/10.5 17. Mean square er-ror be-tween th
e AWS and []|   []   [][]|   []   |   []   []zonal per-tur-ba-tions
 []

[55 <./error_decomp_bris.pdf>])
(./short18_seabreeze_verification_tracked_changes.aux)

LaTeX Font Warning: Size substitutions with differences
(Font)              up to 0.45pt have occurred.


LaTeX Warning: There were undefined references.

 ) 
Here is how much of TeX's memory you used:
 4614 strings out of 492982
 61544 string characters out of 6134897
 171372 words of memory out of 5000000
 8016 multiletter control sequences out of 15000+600000
 62022 words of font info for 144 fonts, out of 8000000 for 9000
 1141 hyphenation exceptions out of 8191
 41i,11n,37p,2675b,377s stack positions out of 5000i,500n,10000p,200000b,80000s
{/usr/share/texlive/texmf-dist/fonts/enc/dvips/base/8r.enc}</usr/share/texliv
e/texmf-dist/fonts/type1/public/amsfonts/cm/cmex10.pfb></usr/share/texlive/texm
f-dist/fonts/type1/public/amsfonts/cm/cmmi10.pfb></usr/share/texlive/texmf-dist
/fonts/type1/public/amsfonts/cm/cmmib10.pfb></usr/share/texlive/texmf-dist/font
s/type1/public/amsfonts/cm/cmr10.pfb></usr/share/texlive/texmf-dist/fonts/type1
/public/amsfonts/cm/cmsy10.pfb></usr/share/texlive/texmf-dist/fonts/type1/publi
c/amsfonts/latxfont/lasy6.pfb></usr/share/texlive/texmf-dist/fonts/type1/urw/he
lvetic/uhvr8a.pfb></usr/share/texlive/texmf-dist/fonts/type1/urw/symbol/usyr.pf
b></usr/share/texlive/texmf-dist/fonts/type1/urw/symbol/usyr.pfb></usr/share/te
xlive/texmf-dist/fonts/type1/urw/times/utmb8a.pfb></usr/share/texlive/texmf-dis
t/fonts/type1/urw/times/utmr8a.pfb></usr/share/texlive/texmf-dist/fonts/type1/u
rw/times/utmri8a.pfb>
Output written on short18_seabreeze_verification_tracked_changes.pdf (55 pages,
 1472783 bytes).
PDF statistics:
 1622 PDF objects out of 1728 (max. 8388607)
 1224 compressed objects within 13 object streams
 0 named destinations out of 1000 (max. 500000)
 86 words of extra memory for PDF output out of 10000 (max. 10000000)

